flavorfuse_app/build/app/intermediates/manifest_merge_blame_file/debug/manifest-merger-blame-debug-report.txt
1<?xml version="1.0" encoding="utf-8"?>
2<manifest xmlns:android="http://schemas.android.com/apk/res/android"
3    package="com.example.flavorfuse_app"
4    android:versionCode="1"
5    android:versionName="1.0.0" >
6
7    <uses-sdk
8        android:minSdkVersion="23"
9        android:targetSdkVersion="29" />
10    <!--
11         Flutter needs it to communicate with the running application
12         to allow setting breakpoints, to provide hot reload, etc.
13    -->
14    <uses-permission android:name="android.permission.INTERNET" />
14-->src\debug\AndroidManifest.xml:6:5-66
14-->src\debug\AndroidManifest.xml:6:22-64
15    <uses-permission android:name="android.permission.ACCESS_FINE_LOCATION" />
15-->src\debug\AndroidManifest.xml:7:5-78
15-->src\debug\AndroidManifest.xml:7:22-76
16    <uses-permission android:name="android.permission.READ_EXTERNAL_STORAGE" />
16-->[:image_picker] AndroidManifest.xml:7:5-80
16-->[:image_picker] AndroidManifest.xml:7:22-77
17    <uses-permission android:name="android.permission.WRITE_EXTERNAL_STORAGE" />
17-->[:image_picker] AndroidManifest.xml:8:5-81
17-->[:image_picker] AndroidManifest.xml:8:22-78
18    <uses-permission android:name="android.permission.ACCESS_COARSE_LOCATION" /> <!-- Include required permissions for Google Maps API to run. -->
18-->[:location] AndroidManifest.xml:7:5-81
18-->[:location] AndroidManifest.xml:7:22-78
19    <uses-permission android:name="android.permission.ACCESS_NETWORK_STATE" />
19-->[com.google.android.gms:play-services-maps:17.0.0] AndroidManifest.xml:23:5-79
19-->[com.google.android.gms:play-services-maps:17.0.0] AndroidManifest.xml:23:22-76
20
21    <uses-feature
21-->[com.google.android.gms:play-services-maps:17.0.0] AndroidManifest.xml:26:5-28:35
22        android:glEsVersion="0x00020000"
22-->[com.google.android.gms:play-services-maps:17.0.0] AndroidManifest.xml:27:9-41
23        android:required="true" />
23-->[com.google.android.gms:play-services-maps:17.0.0] AndroidManifest.xml:28:9-32
24
25    <application
25-->src\main\AndroidManifest.xml:8:5-46:19
26        android:name="io.flutter.app.FlutterApplication"
26-->src\main\AndroidManifest.xml:9:9-57
27        android:appComponentFactory="androidx.core.app.CoreComponentFactory"
27-->[androidx.core:core:1.3.2] AndroidManifest.xml:24:18-86
28        android:debuggable="true"
29        android:icon="@mipmap/ic_launcher"
29-->src\main\AndroidManifest.xml:11:9-43
30        android:label="flavorfuse_app" >
30-->src\main\AndroidManifest.xml:10:9-39
31        <meta-data
31-->src\debug\AndroidManifest.xml:9:9-10:66
32            android:name="com.google.android.geo.API_KEY"
32-->src\debug\AndroidManifest.xml:9:20-65
33            android:value="AIzaSyB7PYZB9zIBXBSIsJnTWKvaMIML2RUnjsc" />
33-->src\debug\AndroidManifest.xml:10:9-64
34
35        <activity
35-->src\main\AndroidManifest.xml:12:9-40:20
36            android:name="com.example.flavorfuse_app.MainActivity"
36-->src\main\AndroidManifest.xml:13:13-41
37            android:configChanges="orientation|keyboardHidden|keyboard|screenSize|smallestScreenSize|locale|layoutDirection|fontScale|screenLayout|density|uiMode"
37-->src\main\AndroidManifest.xml:16:13-163
38            android:hardwareAccelerated="true"
38-->src\main\AndroidManifest.xml:17:13-47
39            android:launchMode="singleTop"
39-->src\main\AndroidManifest.xml:14:13-43
40            android:theme="@style/LaunchTheme"
40-->src\main\AndroidManifest.xml:15:13-47
41            android:windowSoftInputMode="adjustResize" >
41-->src\main\AndroidManifest.xml:18:13-55
42
43            <!--
44                 Specifies an Android theme to apply to this Activity as soon as
45                 the Android process has started. This theme is visible to the user
46                 while the Flutter UI initializes. After that, this theme continues
47                 to determine the Window background behind the Flutter UI.
48            -->
49            <meta-data
49-->src\main\AndroidManifest.xml:23:13-26:17
50                android:name="io.flutter.embedding.android.NormalTheme"
50-->src\main\AndroidManifest.xml:24:15-70
51                android:resource="@style/NormalTheme" />
51-->src\main\AndroidManifest.xml:25:15-52
52            <!--
53                 Displays an Android View that continues showing the launch screen
54                 Drawable until Flutter paints its first frame, then this splash
55                 screen fades out. A splash screen is useful to avoid any visual
56                 gap between the end of Android's launch screen and the painting of
57                 Flutter's first frame.
58            -->
59            <meta-data
59-->src\main\AndroidManifest.xml:32:13-35:17
60                android:name="io.flutter.embedding.android.SplashScreenDrawable"
60-->src\main\AndroidManifest.xml:33:15-79
61                android:resource="@drawable/launch_background" />
61-->src\main\AndroidManifest.xml:34:15-61
62
63            <intent-filter>
63-->src\main\AndroidManifest.xml:36:13-39:29
64                <action android:name="android.intent.action.MAIN" />
64-->src\main\AndroidManifest.xml:37:17-68
64-->src\main\AndroidManifest.xml:37:25-66
65
66                <category android:name="android.intent.category.LAUNCHER" />
66-->src\main\AndroidManifest.xml:38:17-76
66-->src\main\AndroidManifest.xml:38:27-74
67            </intent-filter>
68        </activity>
69        <!--
70 Don't delete the meta-data below.
71             This is used by the Flutter tool to generate GeneratedPluginRegistrant.java
72        -->
73        <meta-data
73-->src\main\AndroidManifest.xml:43:9-45:33
74            android:name="flutterEmbedding"
74-->src\main\AndroidManifest.xml:44:13-44
75            android:value="2" />
75-->src\main\AndroidManifest.xml:45:13-30
76
77        <service
77-->[:cloud_firestore] AndroidManifest.xml:8:9-12:19
78            android:name="com.google.firebase.components.ComponentDiscoveryService"
78-->[:cloud_firestore] AndroidManifest.xml:8:18-89
79            android:directBootAware="true"
79-->[com.google.firebase:firebase-common:19.5.0] AndroidManifest.xml:35:13-43
80            android:exported="false" >
80-->[com.google.firebase:firebase-auth:20.0.1] AndroidManifest.xml:76:13-37
81            <meta-data
81-->[:cloud_firestore] AndroidManifest.xml:9:13-11:85
82                android:name="com.google.firebase.components:io.flutter.plugins.firebase.firestore.FlutterFirebaseFirestoreRegistrar"
82-->[:cloud_firestore] AndroidManifest.xml:10:17-134
83                android:value="com.google.firebase.components.ComponentRegistrar" />
83-->[:cloud_firestore] AndroidManifest.xml:11:17-82
84            <meta-data
84-->[:firebase_auth] AndroidManifest.xml:9:13-11:85
85                android:name="com.google.firebase.components:io.flutter.plugins.firebase.auth.FlutterFirebaseAuthRegistrar"
85-->[:firebase_auth] AndroidManifest.xml:10:17-124
86                android:value="com.google.firebase.components.ComponentRegistrar" />
86-->[:firebase_auth] AndroidManifest.xml:11:17-82
87            <meta-data
87-->[:firebase_storage] AndroidManifest.xml:9:13-11:85
88                android:name="com.google.firebase.components:io.flutter.plugins.firebase.storage.FlutterFirebaseAppRegistrar"
88-->[:firebase_storage] AndroidManifest.xml:10:17-126
89                android:value="com.google.firebase.components.ComponentRegistrar" />
89-->[:firebase_storage] AndroidManifest.xml:11:17-82
90            <meta-data
90-->[:firebase_core] AndroidManifest.xml:9:13-11:85
91                android:name="com.google.firebase.components:io.flutter.plugins.firebase.core.FlutterFirebaseCoreRegistrar"
91-->[:firebase_core] AndroidManifest.xml:10:17-124
92                android:value="com.google.firebase.components.ComponentRegistrar" />
92-->[:firebase_core] AndroidManifest.xml:11:17-82
93            <meta-data
93-->[com.google.firebase:firebase-auth:20.0.1] AndroidManifest.xml:77:13-79:85
94                android:name="com.google.firebase.components:com.google.firebase.auth.FirebaseAuthRegistrar"
94-->[com.google.firebase:firebase-auth:20.0.1] AndroidManifest.xml:78:17-109
95                android:value="com.google.firebase.components.ComponentRegistrar" />
95-->[com.google.firebase:firebase-auth:20.0.1] AndroidManifest.xml:79:17-82
96            <meta-data
96-->[com.google.firebase:firebase-firestore:22.0.1] AndroidManifest.xml:20:13-22:85
97                android:name="com.google.firebase.components:com.google.firebase.firestore.FirestoreRegistrar"
97-->[com.google.firebase:firebase-firestore:22.0.1] AndroidManifest.xml:21:17-111
98                android:value="com.google.firebase.components.ComponentRegistrar" />
98-->[com.google.firebase:firebase-firestore:22.0.1] AndroidManifest.xml:22:17-82
99            <meta-data
99-->[com.google.firebase:firebase-storage:19.2.1] AndroidManifest.xml:33:13-35:85
100                android:name="com.google.firebase.components:com.google.firebase.storage.StorageRegistrar"
100-->[com.google.firebase:firebase-storage:19.2.1] AndroidManifest.xml:34:17-107
101                android:value="com.google.firebase.components.ComponentRegistrar" />
101-->[com.google.firebase:firebase-storage:19.2.1] AndroidManifest.xml:35:17-82
102            <!--
103                This registrar is not defined in the dynamic-module-support sdk itself to allow non-firebase
104                clients to use it as well, by defining this registrar in their own core/common library.
105            -->
106            <meta-data
106-->[com.google.firebase:firebase-common:19.5.0] AndroidManifest.xml:43:13-45:85
107                android:name="com.google.firebase.components:com.google.firebase.dynamicloading.DynamicLoadingRegistrar"
107-->[com.google.firebase:firebase-common:19.5.0] AndroidManifest.xml:44:17-121
108                android:value="com.google.firebase.components.ComponentRegistrar" />
108-->[com.google.firebase:firebase-common:19.5.0] AndroidManifest.xml:45:17-82
109        </service>
110
111        <provider
111-->[:image_picker] AndroidManifest.xml:11:9-19:20
112            android:name="io.flutter.plugins.imagepicker.ImagePickerFileProvider"
112-->[:image_picker] AndroidManifest.xml:12:13-82
113            android:authorities="com.example.flavorfuse_app.flutter.image_provider"
113-->[:image_picker] AndroidManifest.xml:13:13-74
114            android:exported="false"
114-->[:image_picker] AndroidManifest.xml:14:13-37
115            android:grantUriPermissions="true" >
115-->[:image_picker] AndroidManifest.xml:15:13-47
116            <meta-data
116-->[:image_picker] AndroidManifest.xml:16:13-18:75
117                android:name="android.support.FILE_PROVIDER_PATHS"
117-->[:image_picker] AndroidManifest.xml:17:17-67
118                android:resource="@xml/flutter_image_picker_file_paths" />
118-->[:image_picker] AndroidManifest.xml:18:17-72
119        </provider>
120
121        <activity
121-->[:url_launcher] AndroidManifest.xml:8:9-11:74
122            android:name="io.flutter.plugins.urllauncher.WebViewActivity"
122-->[:url_launcher] AndroidManifest.xml:9:13-74
123            android:exported="false"
123-->[:url_launcher] AndroidManifest.xml:10:13-37
124            android:theme="@android:style/Theme.NoTitleBar.Fullscreen" />
124-->[:url_launcher] AndroidManifest.xml:11:13-71
125
126        <service
126-->[:location] AndroidManifest.xml:11:9-15:56
127            android:name="com.lyokone.location.FlutterLocationService"
127-->[:location] AndroidManifest.xml:12:13-71
128            android:enabled="true"
128-->[:location] AndroidManifest.xml:13:13-35
129            android:exported="false"
129-->[:location] AndroidManifest.xml:14:13-37
130            android:foregroundServiceType="location" /> <!-- Needs to be explicitly declared on P+ -->
130-->[:location] AndroidManifest.xml:15:13-53
131        <uses-library
131-->[com.google.android.gms:play-services-maps:17.0.0] AndroidManifest.xml:33:9-35:40
132            android:name="org.apache.http.legacy"
132-->[com.google.android.gms:play-services-maps:17.0.0] AndroidManifest.xml:34:13-50
133            android:required="false" />
133-->[com.google.android.gms:play-services-maps:17.0.0] AndroidManifest.xml:35:13-37
134
135        <activity
135-->[com.google.firebase:firebase-auth:20.0.1] AndroidManifest.xml:27:9-44:20
136            android:name="com.google.firebase.auth.internal.GenericIdpActivity"
136-->[com.google.firebase:firebase-auth:20.0.1] AndroidManifest.xml:28:13-80
137            android:excludeFromRecents="true"
137-->[com.google.firebase:firebase-auth:20.0.1] AndroidManifest.xml:29:13-46
138            android:exported="true"
138-->[com.google.firebase:firebase-auth:20.0.1] AndroidManifest.xml:30:13-36
139            android:launchMode="singleTask"
139-->[com.google.firebase:firebase-auth:20.0.1] AndroidManifest.xml:31:13-44
140            android:theme="@android:style/Theme.Translucent.NoTitleBar" >
140-->[com.google.firebase:firebase-auth:20.0.1] AndroidManifest.xml:32:13-72
141            <intent-filter>
141-->[com.google.firebase:firebase-auth:20.0.1] AndroidManifest.xml:33:13-43:29
142                <action android:name="android.intent.action.VIEW" />
142-->[com.google.firebase:firebase-auth:20.0.1] AndroidManifest.xml:34:17-69
142-->[com.google.firebase:firebase-auth:20.0.1] AndroidManifest.xml:34:25-66
143
144                <category android:name="android.intent.category.DEFAULT" />
144-->[com.google.firebase:firebase-auth:20.0.1] AndroidManifest.xml:36:17-76
144-->[com.google.firebase:firebase-auth:20.0.1] AndroidManifest.xml:36:27-73
145                <category android:name="android.intent.category.BROWSABLE" />
145-->[com.google.firebase:firebase-auth:20.0.1] AndroidManifest.xml:37:17-78
145-->[com.google.firebase:firebase-auth:20.0.1] AndroidManifest.xml:37:27-75
146
147                <data
147-->[com.google.firebase:firebase-auth:20.0.1] AndroidManifest.xml:39:17-42:51
148                    android:host="firebase.auth"
148-->[com.google.firebase:firebase-auth:20.0.1] AndroidManifest.xml:40:21-49
149                    android:path="/"
149-->[com.google.firebase:firebase-auth:20.0.1] AndroidManifest.xml:41:21-37
150                    android:scheme="genericidp" />
150-->[com.google.firebase:firebase-auth:20.0.1] AndroidManifest.xml:42:21-48
151            </intent-filter>
152        </activity>
153        <activity
153-->[com.google.firebase:firebase-auth:20.0.1] AndroidManifest.xml:45:9-62:20
154            android:name="com.google.firebase.auth.internal.RecaptchaActivity"
154-->[com.google.firebase:firebase-auth:20.0.1] AndroidManifest.xml:46:13-79
155            android:excludeFromRecents="true"
155-->[com.google.firebase:firebase-auth:20.0.1] AndroidManifest.xml:47:13-46
156            android:exported="true"
156-->[com.google.firebase:firebase-auth:20.0.1] AndroidManifest.xml:48:13-36
157            android:launchMode="singleTask"
157-->[com.google.firebase:firebase-auth:20.0.1] AndroidManifest.xml:49:13-44
158            android:theme="@android:style/Theme.Translucent.NoTitleBar" >
158-->[com.google.firebase:firebase-auth:20.0.1] AndroidManifest.xml:50:13-72
159            <intent-filter>
159-->[com.google.firebase:firebase-auth:20.0.1] AndroidManifest.xml:51:13-61:29
160                <action android:name="android.intent.action.VIEW" />
160-->[com.google.firebase:firebase-auth:20.0.1] AndroidManifest.xml:34:17-69
160-->[com.google.firebase:firebase-auth:20.0.1] AndroidManifest.xml:34:25-66
161
162                <category android:name="android.intent.category.DEFAULT" />
162-->[com.google.firebase:firebase-auth:20.0.1] AndroidManifest.xml:36:17-76
162-->[com.google.firebase:firebase-auth:20.0.1] AndroidManifest.xml:36:27-73
163                <category android:name="android.intent.category.BROWSABLE" />
163-->[com.google.firebase:firebase-auth:20.0.1] AndroidManifest.xml:37:17-78
163-->[com.google.firebase:firebase-auth:20.0.1] AndroidManifest.xml:37:27-75
164
165                <data
165-->[com.google.firebase:firebase-auth:20.0.1] AndroidManifest.xml:39:17-42:51
166                    android:host="firebase.auth"
166-->[com.google.firebase:firebase-auth:20.0.1] AndroidManifest.xml:40:21-49
167                    android:path="/"
167-->[com.google.firebase:firebase-auth:20.0.1] AndroidManifest.xml:41:21-37
168                    android:scheme="recaptcha" />
168-->[com.google.firebase:firebase-auth:20.0.1] AndroidManifest.xml:42:21-48
169            </intent-filter>
170        </activity>
171
172        <service
172-->[com.google.firebase:firebase-auth:20.0.1] AndroidManifest.xml:64:9-73:19
173            android:name="com.google.firebase.auth.api.fallback.service.FirebaseAuthFallbackService"
173-->[com.google.firebase:firebase-auth:20.0.1] AndroidManifest.xml:65:13-101
174            android:enabled="true"
174-->[com.google.firebase:firebase-auth:20.0.1] AndroidManifest.xml:66:13-35
175            android:exported="false" >
175-->[com.google.firebase:firebase-auth:20.0.1] AndroidManifest.xml:67:13-37
176            <intent-filter>
176-->[com.google.firebase:firebase-auth:20.0.1] AndroidManifest.xml:68:13-72:29
177                <action android:name="com.google.firebase.auth.api.gms.service.START" />
177-->[com.google.firebase:firebase-auth:20.0.1] AndroidManifest.xml:69:17-89
177-->[com.google.firebase:firebase-auth:20.0.1] AndroidManifest.xml:69:25-86
178
179                <category android:name="android.intent.category.DEFAULT" />
179-->[com.google.firebase:firebase-auth:20.0.1] AndroidManifest.xml:36:17-76
179-->[com.google.firebase:firebase-auth:20.0.1] AndroidManifest.xml:36:27-73
180            </intent-filter>
181        </service>
182
183        <activity
183-->[com.google.android.gms:play-services-base:17.1.0] AndroidManifest.xml:23:9-26:75
184            android:name="com.google.android.gms.common.api.GoogleApiActivity"
184-->[com.google.android.gms:play-services-base:17.1.0] AndroidManifest.xml:24:13-79
185            android:exported="false"
185-->[com.google.android.gms:play-services-base:17.1.0] AndroidManifest.xml:25:13-37
186            android:theme="@android:style/Theme.Translucent.NoTitleBar" />
186-->[com.google.android.gms:play-services-base:17.1.0] AndroidManifest.xml:26:13-72
187
188        <provider
188-->[com.google.firebase:firebase-common:19.5.0] AndroidManifest.xml:26:9-31:39
189            android:name="com.google.firebase.provider.FirebaseInitProvider"
189-->[com.google.firebase:firebase-common:19.5.0] AndroidManifest.xml:27:13-77
190            android:authorities="com.example.flavorfuse_app.firebaseinitprovider"
190-->[com.google.firebase:firebase-common:19.5.0] AndroidManifest.xml:28:13-72
191            android:directBootAware="true"
191-->[com.google.firebase:firebase-common:19.5.0] AndroidManifest.xml:29:13-43
192            android:exported="false"
192-->[com.google.firebase:firebase-common:19.5.0] AndroidManifest.xml:30:13-37
193            android:initOrder="100" />
193-->[com.google.firebase:firebase-common:19.5.0] AndroidManifest.xml:31:13-36
194
195        <meta-data
195-->[com.google.android.gms:play-services-basement:17.1.0] AndroidManifest.xml:23:9-25:69
196            android:name="com.google.android.gms.version"
196-->[com.google.android.gms:play-services-basement:17.1.0] AndroidManifest.xml:24:13-58
197            android:value="@integer/google_play_services_version" />
197-->[com.google.android.gms:play-services-basement:17.1.0] AndroidManifest.xml:25:13-66
198    </application>
199
200</manifest>